<?xml version="1.0" encoding="UTF-8"?>
<testng-results skipped="0" failed="0" ignored="0" total="1" passed="1">
  <reporter-output>
  </reporter-output>
  <suite name="Default suite" duration-ms="87" started-at="2019-07-24T08:03:46Z" finished-at="2019-07-24T08:03:46Z">
    <groups>
    </groups>
    <test name="Default test" duration-ms="87" started-at="2019-07-24T08:03:46Z" finished-at="2019-07-24T08:03:46Z">
      <class name="src.MavanStocAccounting.App">
        <test-method status="PASS" signature="test()[pri:0, instance:src.MavanStocAccounting.App@63440df3]" name="test" duration-ms="10" started-at="2019-07-24T08:03:46Z" finished-at="2019-07-24T08:03:46Z">
          <reporter-output>
          </reporter-output>
        </test-method> <!-- test -->
      </class> <!-- src.MavanStocAccounting.App -->
    </test> <!-- Default test -->
  </suite> <!-- Default suite -->
</testng-results>
